INFO:__main__:Loading data from ./loss_curve_repo/csv_25
INFO:__main__:Initializing parameters
INFO:src.fitting:Starting parameter initialization
INFO:src.fitting:Initialization completed. Best Loss: 0.00024818296377049706, Best Params: [  3.14776176   0.52561368   0.49872157 378.18437753]
INFO:__main__:Starting MPL model fitting
INFO:src.fitting:Starting MPL fitting with AdamW
INFO:src.fitting:Initializing with parameters: (3.1477617581939215, 0.5256136777418683, 0.49872157240209203, 378.18437753118565, 1.0, 0.5, 0.5)
INFO:src.fitting:New best loss found: 0.013388677565203537
INFO:src.utils:Step    0: Loss=0.013389, Best Loss=0.013389, Grad Norm=1.50e-01
INFO:src.utils:Parameters: L0=3.0962, A=0.4754, alpha=0.5037, B=377.9453, C=0.9495, beta=0.4950, gamma=0.4950
INFO:src.fitting:New best loss found: 0.0032414391282229896
INFO:src.utils:Step    5: Loss=0.003492, Best Loss=0.003241, Grad Norm=1.46e-01
INFO:src.utils:Parameters: L0=3.0845, A=0.4817, alpha=0.5082, B=376.9994, C=1.0148, beta=0.4971, gamma=0.5012
INFO:src.fitting:New best loss found: 0.002257629245697981
INFO:src.fitting:New best loss found: 0.0018441969546583981
INFO:src.utils:Step   10: Loss=0.001844, Best Loss=0.001844, Grad Norm=1.15e-01
INFO:src.utils:Parameters: L0=3.0578, A=0.4783, alpha=0.5154, B=376.0431, C=1.0943, beta=0.4993, gamma=0.5087
INFO:src.fitting:New best loss found: 0.0007400196559634926
INFO:src.utils:Step   15: Loss=0.000740, Best Loss=0.000740, Grad Norm=2.44e-02
INFO:src.utils:Parameters: L0=3.0690, A=0.5143, alpha=0.5188, B=375.1327, C=1.2012, beta=0.5054, gamma=0.5198
INFO:src.fitting:New best loss found: 0.0004489208556433877
INFO:src.utils:Step   20: Loss=0.001565, Best Loss=0.000449, Grad Norm=1.39e-01
INFO:src.utils:Parameters: L0=3.0382, A=0.5077, alpha=0.5258, B=374.1871, C=1.2872, beta=0.5088, gamma=0.5289
INFO:src.utils:Step   25: Loss=0.001044, Best Loss=0.000449, Grad Norm=1.42e-01
INFO:src.utils:Parameters: L0=3.0401, A=0.5284, alpha=0.5284, B=373.2801, C=1.3806, beta=0.5146, gamma=0.5394
INFO:src.utils:Step   30: Loss=0.000902, Best Loss=0.000449, Grad Norm=1.16e-01
INFO:src.utils:Parameters: L0=3.0442, A=0.5383, alpha=0.5275, B=372.3814, C=1.4518, beta=0.5196, gamma=0.5478
INFO:src.fitting:New best loss found: 0.0004399587995003585
INFO:src.utils:Step   35: Loss=0.000440, Best Loss=0.000440, Grad Norm=1.83e-02
INFO:src.utils:Parameters: L0=3.0457, A=0.5327, alpha=0.5240, B=371.4886, C=1.5079, beta=0.5240, gamma=0.5548
INFO:src.fitting:New best loss found: 0.0003814476154906719
INFO:src.utils:Step   40: Loss=0.000381, Best Loss=0.000381, Grad Norm=4.53e-02
INFO:src.utils:Parameters: L0=3.0490, A=0.5247, alpha=0.5194, B=370.6076, C=1.5657, beta=0.5290, gamma=0.5626
INFO:src.fitting:New best loss found: 0.0003324522676624415
INFO:src.utils:Step   45: Loss=0.000332, Best Loss=0.000332, Grad Norm=3.25e-02
INFO:src.utils:Parameters: L0=3.0499, A=0.5211, alpha=0.5164, B=369.7337, C=1.6366, beta=0.5353, gamma=0.5726
INFO:src.fitting:New best loss found: 0.00032333614300644167
INFO:src.fitting:New best loss found: 0.0003119684856660207
INFO:src.utils:Step   50: Loss=0.000455, Best Loss=0.000312, Grad Norm=9.90e-02
INFO:src.utils:Parameters: L0=3.0457, A=0.5209, alpha=0.5159, B=368.8640, C=1.7185, beta=0.5427, gamma=0.5845
INFO:src.fitting:New best loss found: 0.0002998085622935841
INFO:src.fitting:New best loss found: 0.00029979482338330114
INFO:src.utils:Step   55: Loss=0.000300, Best Loss=0.000300, Grad Norm=1.45e-02
INFO:src.utils:Parameters: L0=3.0417, A=0.5219, alpha=0.5156, B=368.0028, C=1.7988, beta=0.5504, gamma=0.5965
INFO:src.fitting:New best loss found: 0.00029561808505336733
INFO:src.utils:Step   60: Loss=0.000368, Best Loss=0.000296, Grad Norm=6.35e-02
INFO:src.utils:Parameters: L0=3.0425, A=0.5235, alpha=0.5139, B=367.1521, C=1.8682, beta=0.5578, gamma=0.6073
INFO:src.fitting:New best loss found: 0.0002852878187996489
INFO:src.fitting:New best loss found: 0.00028261282863331123
INFO:src.utils:Step   65: Loss=0.000283, Best Loss=0.000283, Grad Norm=9.05e-03
INFO:src.utils:Parameters: L0=3.0446, A=0.5237, alpha=0.5115, B=366.3073, C=1.9268, beta=0.5646, gamma=0.6169
INFO:src.fitting:New best loss found: 0.00027870841406616646
INFO:src.utils:Step   70: Loss=0.000279, Best Loss=0.000279, Grad Norm=5.01e-03
INFO:src.utils:Parameters: L0=3.0422, A=0.5215, alpha=0.5100, B=365.4624, C=1.9781, beta=0.5709, gamma=0.6256
INFO:src.utils:Step   75: Loss=0.000280, Best Loss=0.000279, Grad Norm=1.25e-02
INFO:src.utils:Parameters: L0=3.0428, A=0.5248, alpha=0.5088, B=364.6251, C=2.0251, beta=0.5771, gamma=0.6339
INFO:src.fitting:New best loss found: 0.0002786193425880277
INFO:src.utils:Step   80: Loss=0.000279, Best Loss=0.000279, Grad Norm=1.91e-03
INFO:src.utils:Parameters: L0=3.0405, A=0.5247, alpha=0.5079, B=363.7887, C=2.0656, beta=0.5828, gamma=0.6414
INFO:src.utils:Step   85: Loss=0.000279, Best Loss=0.000279, Grad Norm=4.26e-03
INFO:src.utils:Parameters: L0=3.0410, A=0.5258, alpha=0.5063, B=362.9591, C=2.1011, beta=0.5881, gamma=0.6482
INFO:src.utils:Step   90: Loss=0.000284, Best Loss=0.000279, Grad Norm=1.83e-02
INFO:src.utils:Parameters: L0=3.0403, A=0.5257, alpha=0.5050, B=362.1320, C=2.1327, beta=0.5931, gamma=0.6546
INFO:src.utils:Step   95: Loss=0.000283, Best Loss=0.000279, Grad Norm=1.21e-02
INFO:src.utils:Parameters: L0=3.0393, A=0.5264, alpha=0.5039, B=361.3087, C=2.1618, beta=0.5979, gamma=0.6606
INFO:src.fitting:Stopping at step 100: No improvement for 20 steps.
INFO:src.fitting:Fitting complete. Best Loss: 0.0002786193425880277, Best Params: [3.040453820409389, 0.5246875123173533, 0.5078675634668214, 363.7886709061843, 2.0656157092263316, 0.5827911697391974, 0.6414239859769336]
INFO:__main__:Evaluating on training set
INFO:src.evaluation:cosine_24000.csv
INFO:src.evaluation:huber_loss: 0.00014680292788279807
INFO:src.evaluation:mse_loss: 3.8168973463345216e-05
INFO:src.evaluation:rmse_loss: 0.006178104358405191
INFO:src.evaluation:mae_loss: 0.004428165104445833
INFO:src.evaluation:prede: 0.0012760294170184243
INFO:src.evaluation:worste: 0.009960462244587992
INFO:src.evaluation:r2_score: 0.9985070805639454
INFO:src.evaluation:constant_24000.csv
INFO:src.evaluation:huber_loss: 0.00010131884322560244
INFO:src.evaluation:mse_loss: 2.9137853558674806e-05
INFO:src.evaluation:rmse_loss: 0.005397949014086258
INFO:src.evaluation:mae_loss: 0.003760320449195135
INFO:src.evaluation:prede: 0.0010532760180591886
INFO:src.evaluation:worste: 0.009006530510418293
INFO:src.evaluation:r2_score: 0.998673991331516
INFO:src.evaluation:wsdcon_9.csv
INFO:src.evaluation:huber_loss: 4.306464976510732e-05
INFO:src.evaluation:mse_loss: 1.3981151280828244e-05
INFO:src.evaluation:rmse_loss: 0.0037391377723785795
INFO:src.evaluation:mae_loss: 0.002926769868799455
INFO:src.evaluation:prede: 0.0008317246647217592
INFO:src.evaluation:worste: 0.0036619340327896034
INFO:src.evaluation:r2_score: 0.999470716649427
INFO:src.evaluation:Average Huber_loss: 9.706214029116928e-05
INFO:src.evaluation:Average Mse_loss: 2.709599276761609e-05
INFO:src.evaluation:Average Rmse_loss: 0.005105063714956676
INFO:src.evaluation:Average Mae_loss: 0.003705085140813474
INFO:src.evaluation:Average Prede: 0.0010536766999331242
INFO:src.evaluation:Average Worste: 0.007542975595931963
INFO:src.evaluation:Average R2_score: 0.9988839295149629
INFO:src.evaluation:--------------------------------------------------
INFO:__main__:Evaluating on test set
INFO:src.evaluation:constant_72000.csv
INFO:src.evaluation:huber_loss: 8.275128883162158e-05
INFO:src.evaluation:mse_loss: 3.5482384196118486e-06
INFO:src.evaluation:rmse_loss: 0.0018836768352378942
INFO:src.evaluation:mae_loss: 0.0015794868136368772
INFO:src.evaluation:prede: 0.0004688939145857024
INFO:src.evaluation:worste: 0.002022390694012153
INFO:src.evaluation:r2_score: 0.9997553280565575
INFO:src.evaluation:cosine_72000.csv
INFO:src.evaluation:huber_loss: 0.0009532252401617762
INFO:src.evaluation:mse_loss: 6.416673694902194e-05
INFO:src.evaluation:rmse_loss: 0.008010414280736167
INFO:src.evaluation:mae_loss: 0.0074444515899707965
INFO:src.evaluation:prede: 0.0022394563391379455
INFO:src.evaluation:worste: 0.007062361436405206
INFO:src.evaluation:r2_score: 0.9966234750452211
INFO:src.evaluation:wsd_20000_24000.csv
INFO:src.evaluation:huber_loss: 9.847535807541767e-05
INFO:src.evaluation:mse_loss: 1.846201091279862e-05
INFO:src.evaluation:rmse_loss: 0.004296744222408244
INFO:src.evaluation:mae_loss: 0.003407663967189627
INFO:src.evaluation:prede: 0.0009985829936053896
INFO:src.evaluation:worste: 0.0029790394555207437
INFO:src.evaluation:r2_score: 0.99921704104711
INFO:src.evaluation:wsdld_20000_24000.csv
INFO:src.evaluation:huber_loss: 8.430729897315414e-05
INFO:src.evaluation:mse_loss: 1.4645183340701073e-05
INFO:src.evaluation:rmse_loss: 0.003826902577895219
INFO:src.evaluation:mae_loss: 0.0031353615142656814
INFO:src.evaluation:prede: 0.0009150253594340841
INFO:src.evaluation:worste: 0.0031068281683803204
INFO:src.evaluation:r2_score: 0.9993593604905792
INFO:src.evaluation:wsdcon_3.csv
INFO:src.evaluation:huber_loss: 8.567041861280799e-05
INFO:src.evaluation:mse_loss: 4.5957403348474616e-05
INFO:src.evaluation:rmse_loss: 0.006779188988992313
INFO:src.evaluation:mae_loss: 0.004487155079242793
INFO:src.evaluation:prede: 0.0012851410058847307
INFO:src.evaluation:worste: 0.006417422763758706
INFO:src.evaluation:r2_score: 0.9982526931516151
INFO:src.evaluation:wsdcon_18.csv
INFO:src.evaluation:huber_loss: 3.125761161319744e-05
INFO:src.evaluation:mse_loss: 9.68445417740182e-06
INFO:src.evaluation:rmse_loss: 0.0031119855683151582
INFO:src.evaluation:mae_loss: 0.00250439560088631
INFO:src.evaluation:prede: 0.0007054438955995197
INFO:src.evaluation:worste: 0.0029799513705365335
INFO:src.evaluation:r2_score: 0.9996059463729761
INFO:src.evaluation:Average Huber_loss: 0.0002226145360446625
INFO:src.evaluation:Average Mse_loss: 2.607733785800165e-05
INFO:src.evaluation:Average Rmse_loss: 0.004651485412264165
INFO:src.evaluation:Average Mae_loss: 0.0037597524275320145
INFO:src.evaluation:Average Prede: 0.0011020905847078952
INFO:src.evaluation:Average Worste: 0.0040946656481022775
INFO:src.evaluation:Average R2_score: 0.9988023073606764
INFO:src.evaluation:--------------------------------------------------
INFO:__main__:Best Loss: 0.0002786193425880277
INFO:__main__:Best Parameters: [3.040453820409389, 0.5246875123173533, 0.5078675634668214, 363.7886709061843, 2.0656157092263316, 0.5827911697391974, 0.6414239859769336]
INFO:__main__:Optimizing learning rate schedule
INFO:src.optimization:Iteration 0, Loss: 3.237534930989603
INFO:src.optimization:First 5 LRs: [0.0003     0.00029999 0.00029999 0.00029998 0.00029998], Last 5 LRs: [0.00019082 0.00019082 0.00019081 0.00019081 0.0001908 ]
INFO:src.optimization:Last 5-step gradients: tensor([-83.3337, -70.8551, -56.7392, -40.6039, -21.9317], dtype=torch.float64)
INFO:src.optimization:Gradient norm: 31659.104837983257
INFO:src.optimization:Iteration 1000, Loss: 3.1497789775508194
INFO:src.optimization:First 5 LRs: [0.0003 0.0003 0.0003 0.0003 0.0003], Last 5 LRs: [1.47483925e-06 1.44844714e-06 1.42185084e-06 1.39509856e-06
 1.36824480e-06]
INFO:src.optimization:Last 5-step gradients: tensor([-0.0070, -0.0052, -0.0031, -0.0013, -0.0001], dtype=torch.float64)
INFO:src.optimization:Gradient norm: 22998.02560377986
INFO:src.optimization:Iteration 2000, Loss: 3.1497373559032793
INFO:src.optimization:First 5 LRs: [0.0003 0.0003 0.0003 0.0003 0.0003], Last 5 LRs: [1.49710739e-06 1.48656087e-06 1.46682037e-06 1.43998456e-06
 1.40942399e-06]
INFO:src.optimization:Last 5-step gradients: tensor([0.4144, 0.2359, 0.1251, 0.0657, 0.0322], dtype=torch.float64)
INFO:src.optimization:Gradient norm: 22962.89083733837
INFO:src.optimization:Iteration 3000, Loss: 3.149719881372811
INFO:src.optimization:First 5 LRs: [0.0003 0.0003 0.0003 0.0003 0.0003], Last 5 LRs: [1.25529226e-06 1.25529226e-06 1.25529226e-06 1.25529226e-06
 1.25529226e-06]
INFO:src.optimization:Last 5-step gradients: tensor([5.8337, 4.5179, 3.2737, 2.1040, 1.0117], dtype=torch.float64)
INFO:src.optimization:Gradient norm: 22949.22396468338
INFO:src.optimization:Iteration 4000, Loss: 3.1496397371734854
INFO:src.optimization:First 5 LRs: [0.0003 0.0003 0.0003 0.0003 0.0003], Last 5 LRs: [1.56915877e-06 1.56520475e-06 1.55163727e-06 1.52051874e-06
 1.46604139e-06]
INFO:src.optimization:Last 5-step gradients: tensor([-0.2695, -0.3060, -0.2827, -0.2095, -0.1015], dtype=torch.float64)
INFO:src.optimization:Gradient norm: 22745.539974352752
INFO:src.optimization:Iteration 5000, Loss: 3.1497600778507526
INFO:src.optimization:First 5 LRs: [0.0003 0.0003 0.0003 0.0003 0.0003], Last 5 LRs: [1.48313196e-06 1.44167522e-06 1.43469744e-06 1.41625870e-06
 1.38931081e-06]
INFO:src.optimization:Last 5-step gradients: tensor([-0.0069, -0.0680,  0.0361, -0.0260, -0.0258], dtype=torch.float64)
INFO:src.optimization:Gradient norm: 22940.260336528245
INFO:src.optimization:Iteration 6000, Loss: 3.1497384630430076
INFO:src.optimization:First 5 LRs: [0.0003 0.0003 0.0003 0.0003 0.0003], Last 5 LRs: [1.56098932e-06 1.41735721e-06 1.41735721e-06 1.41735721e-06
 1.38315848e-06]
INFO:src.optimization:Last 5-step gradients: tensor([ 0.2589, -0.3424,  0.2596,  0.1258,  0.0237], dtype=torch.float64)
INFO:src.optimization:Gradient norm: 22941.229451170926
INFO:src.optimization:Iteration 7000, Loss: 3.149733142572279
INFO:src.optimization:First 5 LRs: [0.0003 0.0003 0.0003 0.0003 0.0003], Last 5 LRs: [1.65526474e-06 1.30600850e-06 1.30600850e-06 1.30600850e-06
 1.30600850e-06]
INFO:src.optimization:Last 5-step gradients: tensor([1.4685, 0.1069, 1.5486, 0.9517, 0.4344], dtype=torch.float64)
INFO:src.optimization:Gradient norm: 22938.810619731616
INFO:src.optimization:Iteration 8000, Loss: 3.149717426220205
INFO:src.optimization:First 5 LRs: [0.0003 0.0003 0.0003 0.0003 0.0003], Last 5 LRs: [1.39696544e-06 1.39696544e-06 1.39696544e-06 1.39696544e-06
 1.39696544e-06]
INFO:src.optimization:Last 5-step gradients: tensor([1.9393, 1.3912, 0.9200, 0.5288, 0.2210], dtype=torch.float64)
INFO:src.optimization:Gradient norm: 22941.25106016439
INFO:src.optimization:Iteration 9000, Loss: 3.1496942022850063
INFO:src.optimization:First 5 LRs: [0.0003 0.0003 0.0003 0.0003 0.0003], Last 5 LRs: [1.47713885e-06 1.47713885e-06 1.47713885e-06 1.47713885e-06
 1.47713885e-06]
INFO:src.optimization:Last 5-step gradients: tensor([3.2846, 2.4613, 1.7178, 1.0573, 0.4835], dtype=torch.float64)
INFO:src.optimization:Gradient norm: 22948.54675171147
INFO:src.optimization:Iteration 9999, Loss: 3.1497370926929027
INFO:src.optimization:First 5 LRs: [0.0003 0.0003 0.0003 0.0003 0.0003], Last 5 LRs: [1.50106584e-06 1.47351958e-06 1.44728089e-06 1.42006018e-06
 1.39254038e-06]
INFO:src.optimization:Last 5-step gradients: tensor([ 0.0019, -0.0037,  0.0018, -0.0007, -0.0001], dtype=torch.float64)
INFO:src.optimization:Gradient norm: 22938.558452107496
INFO:src.optimization:Final Loss: 3.1497370926929027
INFO:__main__:Optimized Learning Rate Schedule:
INFO:__main__:First 5: [0.0003 0.0003 0.0003 0.0003 0.0003], Last 5: [1.50106584e-06 1.47351958e-06 1.44728089e-06 1.42006018e-06
 1.39254038e-06]
